<?xml version="1.0" encoding="UTF-8"?>
<!-- Generated by org.testng.reporters.JUnitXMLReporter -->
<testsuite ignored="0" hostname="DESKTOP-LBD5C48" failures="0" tests="0" time="0.015" errors="0" timestamp="2022-12-07T13:03:19 IST">
  <testcase classname="com.medevantage.medrefill.base.BaseClass" name="@BeforeSuite setupBrowser" time="-1.670398399664E9">
    <failure type="org.testng.TestNGException" message="
Parameter &amp;apos;browser&amp;apos; is required by BeforeSuite on method setupBrowser but has not been marked @Optional or defined
in C:\Users\Admin\eclipse-workspace\com.medevantage.medrefill\testng.xml">
      <![CDATA[org.testng.TestNGException: 
Parameter 'browser' is required by BeforeSuite on method setupBrowser but has not been marked @Optional or defined
in C:\Users\Admin\eclipse-workspace\com.medevantage.medrefill\testng.xml
... Removed 16 stack frames]]>
    </failure>
  </testcase> <!-- @BeforeSuite setupBrowser -->
</testsuite>
